<?xml version="1.0" encoding="UTF-8"?>
<!-- Generated by org.testng.reporters.JUnitXMLReporter -->
<testsuite ignored="0" hostname="HYD-U9L6HDKVVP6" failures="0" tests="6" name="MenuGroupTests" time="27.481" errors="0" timestamp="2025-09-21T12:59:55 IST">
  <testcase classname="tests.DashboardPageTest" name="@BeforeMethod initialSetup" time="4.498">
    <failure type="java.lang.AssertionError" message="expected [https://opensource-demo.orangehrmlive.com/web/index.php/dashboard/index] but found [https://opensource-demo.orangehrmlive.com/web/index.php/auth/login]">
      <![CDATA[java.lang.AssertionError: expected [https://opensource-demo.orangehrmlive.com/web/index.php/dashboard/index] but found [https://opensource-demo.orangehrmlive.com/web/index.php/auth/login]
at tests.LoginTest.testLoginPage(LoginTest.java:44)
at tests.DashboardPageTest.initialSetup(DashboardPageTest.java:24)
at java.base/java.util.ArrayList.forEach(ArrayList.java:1597)
at java.base/java.util.concurrent.FutureTask.run(FutureTask.java:317)
at java.base/java.util.concurrent.ThreadPoolExecutor.runWorker(ThreadPoolExecutor.java:1144)
at java.base/java.util.concurrent.ThreadPoolExecutor$Worker.run(ThreadPoolExecutor.java:642)
at java.base/java.lang.Thread.run(Thread.java:1575)
... Removed 25 stack frames]]>
    </failure>
  </testcase> <!-- @BeforeMethod initialSetup -->
  <testcase classname="tests.DashboardPageTest" name="@AfterMethod tearDown" time="0.0">
    <skipped/>
  </testcase> <!-- @AfterMethod tearDown -->
  <testcase classname="tests.DashboardPageTest" name="@BeforeMethod initialSetup" time="0.0">
    <skipped/>
  </testcase> <!-- @BeforeMethod initialSetup -->
  <testcase classname="tests.DashboardPageTest" name="@AfterMethod tearDown" time="0.0">
    <skipped/>
  </testcase> <!-- @AfterMethod tearDown -->
  <testcase classname="tests.DashboardPageTest" name="@BeforeMethod initialSetup" time="0.0">
    <skipped/>
  </testcase> <!-- @BeforeMethod initialSetup -->
  <testcase classname="tests.DashboardPageTest" name="@AfterMethod tearDown" time="0.0">
    <skipped/>
  </testcase> <!-- @AfterMethod tearDown -->
  <testcase classname="tests.DashboardPageTest" name="checkPendingLeaves" time="2.663"/>
  <testcase classname="tests.DashboardPageTest" name="getDashBoardItems" time="0.543"/>
  <testcase classname="tests.DashboardPageTest" name="getDashboardCustomization" time="0.7"/>
  <testcase classname="tests.DashboardPageTest" name="getQuickLaunchWidgets" time="0.0">
    <skipped/>
  </testcase> <!-- getQuickLaunchWidgets -->
  <testcase classname="tests.DashboardPageTest" name="seeTheMenu" time="0.0">
    <skipped/>
  </testcase> <!-- seeTheMenu -->
  <testcase classname="tests.DashboardPageTest" name="testPrintPieChart" time="0.0">
    <skipped/>
  </testcase> <!-- testPrintPieChart -->
</testsuite> <!-- MenuGroupTests -->
