<?xml version="1.0" encoding="UTF-8"?>
<!-- Generated by org.testng.reporters.JUnitXMLReporter -->
<testsuite ignored="4" hostname="HYD-U9L6HDKVVP6" failures="1" tests="2" name="MenuGroupTests" time="3.256" errors="0" timestamp="2025-09-21T08:54:03 IST">
  <testcase classname="tests.DashboardPageTest" name="getDashBoardItems" time="3.095">
    <failure type="org.openqa.selenium.NoSuchElementException" message="no such element: Unable to locate element: {&amp;quot;method&amp;quot;:&amp;quot;xpath&amp;quot;,&amp;quot;selector&amp;quot;:&amp;quot;//div[@class=&amp;apos;oxd-sheet oxd-sheet--rounded oxd-sheet--white orangehrm-dashboard-widget emp-leave-chart&amp;apos;]/div/div/p&amp;quot;}
  (Session info: chrome=140.0.7339.185)
For documentation on this error, please visit: https://www.selenium.dev/documentation/webdriver/troubleshooting/errors#no-such-element-exception
Build info: version: &amp;apos;4.34.0&amp;apos;, revision: &amp;apos;707dcb4246*&amp;apos;
System info: os.name: &amp;apos;Windows 11&amp;apos;, os.arch: &amp;apos;amd64&amp;apos;, os.version: &amp;apos;10.0&amp;apos;, java.version: &amp;apos;23.0.2&amp;apos;
Driver info: org.openqa.selenium.chrome.ChromeDriver
Command: [03d05558c6ff517baed6b28fd435f982, findElement {using=xpath, value=//div[@class=&amp;apos;oxd-sheet oxd-sheet--rounded oxd-sheet--white orangehrm-dashboard-widget emp-leave-chart&amp;apos;]/div/div/p}]
Capabilities {acceptInsecureCerts: false, browserName: chrome, browserVersion: 140.0.7339.185, chrome: {chromedriverVersion: 140.0.7339.185 (eeea00e459e..., userDataDir: C:\Users\kruthivk\AppData\L...}, fedcm:accounts: true, goog:chromeOptions: {debuggerAddress: localhost:53597}, networkConnectionEnabled: false, pageLoadStrategy: normal, platformName: windows, proxy: Proxy(), se:cdp: ws://localhost:53597/devtoo..., se:cdpVersion: 140.0.7339.185, setWindowRect: true, strictFileInteractability: false, timeouts: {implicit: 0, pageLoad: 300000, script: 30000}, unhandledPromptBehavior: dismiss and notify, webauthn:extension:credBlob: true, webauthn:extension:largeBlob: true, webauthn:extension:minPinLength: true, webauthn:extension:prf: true, webauthn:virtualAuthenticators: true}
Session ID: 03d05558c6ff517baed6b28fd435f982">
      <![CDATA[org.openqa.selenium.NoSuchElementException: no such element: Unable to locate element: {"method":"xpath","selector":"//div[@class='oxd-sheet oxd-sheet--rounded oxd-sheet--white orangehrm-dashboard-widget emp-leave-chart']/div/div/p"}
  (Session info: chrome=140.0.7339.185)
For documentation on this error, please visit: https://www.selenium.dev/documentation/webdriver/troubleshooting/errors#no-such-element-exception
Build info: version: '4.34.0', revision: '707dcb4246*'
System info: os.name: 'Windows 11', os.arch: 'amd64', os.version: '10.0', java.version: '23.0.2'
Driver info: org.openqa.selenium.chrome.ChromeDriver
Command: [03d05558c6ff517baed6b28fd435f982, findElement {using=xpath, value=//div[@class='oxd-sheet oxd-sheet--rounded oxd-sheet--white orangehrm-dashboard-widget emp-leave-chart']/div/div/p}]
Capabilities {acceptInsecureCerts: false, browserName: chrome, browserVersion: 140.0.7339.185, chrome: {chromedriverVersion: 140.0.7339.185 (eeea00e459e..., userDataDir: C:\Users\kruthivk\AppData\L...}, fedcm:accounts: true, goog:chromeOptions: {debuggerAddress: localhost:53597}, networkConnectionEnabled: false, pageLoadStrategy: normal, platformName: windows, proxy: Proxy(), se:cdp: ws://localhost:53597/devtoo..., se:cdpVersion: 140.0.7339.185, setWindowRect: true, strictFileInteractability: false, timeouts: {implicit: 0, pageLoad: 300000, script: 30000}, unhandledPromptBehavior: dismiss and notify, webauthn:extension:credBlob: true, webauthn:extension:largeBlob: true, webauthn:extension:minPinLength: true, webauthn:extension:prf: true, webauthn:virtualAuthenticators: true}
Session ID: 03d05558c6ff517baed6b28fd435f982
at org.openqa.selenium.remote.ErrorCodec.decode(ErrorCodec.java:167)
at org.openqa.selenium.remote.codec.w3c.W3CHttpResponseCodec.decode(W3CHttpResponseCodec.java:138)
at org.openqa.selenium.remote.codec.w3c.W3CHttpResponseCodec.decode(W3CHttpResponseCodec.java:50)
at org.openqa.selenium.remote.HttpCommandExecutor.execute(HttpCommandExecutor.java:215)
at org.openqa.selenium.remote.service.DriverCommandExecutor.invokeExecute(DriverCommandExecutor.java:216)
at org.openqa.selenium.remote.service.DriverCommandExecutor.execute(DriverCommandExecutor.java:174)
at org.openqa.selenium.remote.RemoteWebDriver.execute(RemoteWebDriver.java:544)
at org.openqa.selenium.remote.ElementLocation$ElementFinder$2.findElement(ElementLocation.java:165)
at org.openqa.selenium.remote.ElementLocation.findElement(ElementLocation.java:59)
at org.openqa.selenium.remote.RemoteWebDriver.findElement(RemoteWebDriver.java:367)
at org.openqa.selenium.remote.RemoteWebDriver.findElement(RemoteWebDriver.java:361)
at org.openqa.selenium.support.pagefactory.DefaultElementLocator.findElement(DefaultElementLocator.java:68)
at org.openqa.selenium.support.pagefactory.internal.LocatingElementHandler.invoke(LocatingElementHandler.java:38)
at jdk.proxy2/jdk.proxy2.$Proxy16.getText(Unknown Source)
at pages.DashboardPage.dashboardElements(DashboardPage.java:67)
at tests.DashboardPageTest.getDashBoardItems(DashboardPageTest.java:42)
at java.base/java.util.ArrayList.forEach(ArrayList.java:1597)
at java.base/java.util.concurrent.FutureTask.run(FutureTask.java:317)
at java.base/java.util.concurrent.ThreadPoolExecutor.runWorker(ThreadPoolExecutor.java:1144)
at java.base/java.util.concurrent.ThreadPoolExecutor$Worker.run(ThreadPoolExecutor.java:642)
at java.base/java.lang.Thread.run(Thread.java:1575)
... Removed 18 stack frames]]>
    </failure>
  </testcase> <!-- getDashBoardItems -->
  <testcase classname="tests.DashboardPageTest" name="seeTheMenu" time="0.022"/>
  <testcase classname="tests.DashboardPageTest" name="testPrintPieChart" time="0.0">
    <ignored/>
  </testcase> <!-- testPrintPieChart -->
  <testcase classname="tests.DashboardPageTest" name="getDashboardCustomization" time="0.0">
    <ignored/>
  </testcase> <!-- getDashboardCustomization -->
  <testcase classname="tests.DashboardPageTest" name="getQuickLaunchWidgets" time="0.0">
    <ignored/>
  </testcase> <!-- getQuickLaunchWidgets -->
  <testcase classname="tests.DashboardPageTest" name="checkPendingLeaves" time="0.0">
    <ignored/>
  </testcase> <!-- checkPendingLeaves -->
</testsuite> <!-- MenuGroupTests -->
